================================================================================
CLASSIFYING 1619 ETFs - PRESERVING ALL ORIGINAL DATA
================================================================================

Original columns: 20
Original rows: 1619

Progress: 50/1619 - Saving checkpoint...
Progress: 100/1619 - Saving checkpoint...
Progress: 150/1619 - Saving checkpoint...
Progress: 200/1619 - Saving checkpoint...
Progress: 250/1619 - Saving checkpoint...
Progress: 300/1619 - Saving checkpoint...
Progress: 350/1619 - Saving checkpoint...
Progress: 400/1619 - Saving checkpoint...
Progress: 450/1619 - Saving checkpoint...
Progress: 500/1619 - Saving checkpoint...
Progress: 550/1619 - Saving checkpoint...
Progress: 600/1619 - Saving checkpoint...
Progress: 650/1619 - Saving checkpoint...
Progress: 700/1619 - Saving checkpoint...
Progress: 750/1619 - Saving checkpoint...
Progress: 800/1619 - Saving checkpoint...
Progress: 850/1619 - Saving checkpoint...
Progress: 900/1619 - Saving checkpoint...
Progress: 950/1619 - Saving checkpoint...
Progress: 1000/1619 - Saving checkpoint...
Progress: 1050/1619 - Saving checkpoint...
Progress: 1100/1619 - Saving checkpoint...
Progress: 1150/1619 - Saving checkpoint...
Progress: 1200/1619 - Saving checkpoint...
Progress: 1250/1619 - Saving checkpoint...
Progress: 1300/1619 - Saving checkpoint...
Progress: 1350/1619 - Saving checkpoint...
Progress: 1400/1619 - Saving checkpoint...
Progress: 1450/1619 - Saving checkpoint...
Progress: 1500/1619 - Saving checkpoint...
Progress: 1550/1619 - Saving checkpoint...
Progress: 1600/1619 - Saving checkpoint...

✓ ETF CLASSIFICATION COMPLETE
  File: ETF Master List Classified.xlsx
  Rows: 1619 (all original data preserved)
  New columns: category_tier1, category_tier2, category_tags
  Total columns: 23

Tier-1 Distribution:
{'Equities': 1105, 'Fixed Income': 370, 'Commodities': 58, 'Alternative / Synthetic': 40, 'Multi-Asset / Thematic': 32, 'Volatility / Risk Premia': 9, 'Currencies (FX)': 5}
