================================================================================
CLASSIFYING 2667 GOLDMAN BASKETS - PRESERVING ALL ORIGINAL DATA
================================================================================

Original columns: 15
Original rows: 2667

Progress: 100/2667 - Saving checkpoint...
Progress: 200/2667 - Saving checkpoint...
Error GS US Geopolitical: Invalid control character at: line 5 column 52 (ch
Progress: 300/2667 - Saving checkpoint...
Progress: 400/2667 - Saving checkpoint...
Progress: 500/2667 - Saving checkpoint...
Progress: 600/2667 - Saving checkpoint...
Progress: 700/2667 - Saving checkpoint...
Progress: 800/2667 - Saving checkpoint...
Progress: 900/2667 - Saving checkpoint...
Progress: 1000/2667 - Saving checkpoint...
Progress: 1100/2667 - Saving checkpoint...
Progress: 1200/2667 - Saving checkpoint...
Progress: 1300/2667 - Saving checkpoint...
Progress: 1400/2667 - Saving checkpoint...
Progress: 1500/2667 - Saving checkpoint...
Progress: 1600/2667 - Saving checkpoint...
Progress: 1700/2667 - Saving checkpoint...
Progress: 1800/2667 - Saving checkpoint...
Progress: 1900/2667 - Saving checkpoint...
Progress: 2000/2667 - Saving checkpoint...
Progress: 2100/2667 - Saving checkpoint...
Progress: 2200/2667 - Saving checkpoint...
Progress: 2300/2667 - Saving checkpoint...
Progress: 2400/2667 - Saving checkpoint...
Progress: 2500/2667 - Saving checkpoint...
Progress: 2600/2667 - Saving checkpoint...

✓ GOLDMAN CLASSIFICATION COMPLETE
  File: GSCB_FLAGSHIP_coverage_Classified.xlsx
  Rows: 2667 (all original data preserved)
  New columns: category_tier1, category_tier2, category_tags
  Total columns: 18

Tier-1 Distribution:
{'Equities': 2055, 'Alternative / Synthetic': 299, 'Volatility / Risk Premia': 122, 'Multi-Asset / Thematic': 109, 'Commodities': 43, 'Fixed Income': 26, 'Currencies (FX)': 11, 'Unknown': 1}
