================================================================================
CLASSIFYING 438 BLOOMBERG INDICES - PRESERVING ALL ORIGINAL DATA
================================================================================

Original columns: 16
Original rows: 438

Progress: 50/438 - Saving checkpoint...
Progress: 100/438 - Saving checkpoint...
Progress: 150/438 - Saving checkpoint...
Progress: 200/438 - Saving checkpoint...
Progress: 250/438 - Saving checkpoint...
Progress: 300/438 - Saving checkpoint...
Progress: 350/438 - Saving checkpoint...
Progress: 400/438 - Saving checkpoint...

✓ BLOOMBERG CLASSIFICATION COMPLETE
  File: Filtered Bloomberg Indices Classified.xlsx
  Rows: 438 (all original data preserved)
  New columns: category_tier1, category_tier2, category_tags
  Total columns: 19

Tier-1 Distribution:
{'Equities': 313, 'Fixed Income': 83, 'Commodities': 17, 'Multi-Asset / Thematic': 11, 'Volatility / Risk Premia': 6, 'Currencies (FX)': 4, 'Alternative / Synthetic': 3, 'Unable to classify': 1}
